[GIN-debug] [WARNING] Running in "debug" mode. Switch to "release" mode in production.
 - using env:	export GIN_MODE=release
 - using code:	gin.SetMode(gin.ReleaseMode)

[GIN-debug] GET    /css/*filepath            --> github.com/gin-gonic/gin.(*RouterGroup).createStaticHandler.func1 (4 handlers)
[GIN-debug] HEAD   /css/*filepath            --> github.com/gin-gonic/gin.(*RouterGroup).createStaticHandler.func1 (4 handlers)
[GIN-debug] Loaded HTML Templates (4): 
	- header.html
	- index.html
	- 
	- footer.html

[GIN-debug] GET    /api/posts                --> main.main.func1 (4 handlers)
[GIN-debug] POST   /api/videos               --> main.main.func2 (4 handlers)
[GIN-debug] GET    /view/videos              --> github.com/me/gin-study/controller.VideoController.ShowAll-fm (4 handlers)
[GIN-debug] [WARNING] You trusted all proxies, this is NOT safe. We recommend you to set a value.
Please check https://pkg.go.dev/github.com/gin-gonic/gin#readme-don-t-trust-all-proxies for details.
[GIN-debug] Listening and serving HTTP on :8080
::1 - [13 Oct 23 17:52 IST] GET /view/videos 200 1.120041ms 
::1 - [13 Oct 23 17:52 IST] GET /css/index.css 200 8.03925ms 
::1 - [13 Oct 23 17:52 IST] POST /api/videos 200 1.08675ms 
::1 - [13 Oct 23 17:52 IST] POST /api/videos 200 100.292µs 
::1 - [13 Oct 23 17:52 IST] GET /view/videos 200 964.75µs 
::1 - [13 Oct 23 17:52 IST] GET /view/videos 200 672.458µs 
::1 - [13 Oct 23 17:52 IST] POST /api/videos 200 254.375µs 
::1 - [13 Oct 23 17:52 IST] GET /view/videos 200 2.138291ms 
